07/06 16:22:53 [INFO] Upload done: /downloads/bug.txt -> e5:/codespace/rclonedown
07/10 00:06:09 [INFO] Upload done: /downloads/CAWD-368-C_X1080X -> e5:/codespace/rclonedown/CAWD-368-C_X1080X
07/10 17:12:39 [INFO] Upload done: /downloads/阳光电影www.ygdy8.com.反贪风暴5：最终章.2021.BD.1080P.国粤双语中字.mkv -> e5:/codespace/rclonedown
07/18 21:46:27 [INFO] Upload done: /downloads/10261.m3u8 -> e5:/codespace/rclonedown
07/20 12:58:09 [INFO] Upload done: /downloads/vagu-248-4k -> e5:/codespace/rclonedown/vagu-248-4k
07/20 14:45:51 [ERROR] Upload failed: /downloads/[98t.tv]toen-069-4k
07/20 19:11:00 [INFO] Upload done: /downloads/SSIS-448_4k.mp4 -> e5:/codespace/rclonedown
07/20 19:42:30 [INFO] Upload done: /downloads/STARS-435_C.mp4 -> e5:/codespace/rclonedown
07/20 21:32:48 [INFO] Upload done: /downloads/[98t.tv]lulu-152-4k -> e5:/codespace/rclonedown/[98t.tv]lulu-152-4k
07/21 21:40:00 [INFO] Upload done: /downloads/tim220506.zip -> e5:/codespace/rclonedown
07/21 21:40:17 [INFO] Upload done: /downloads/other0314.zip -> e5:/codespace/rclonedown
07/21 21:40:28 [INFO] Upload done: /downloads/edit211022.zip -> e5:/codespace/rclonedown
07/21 21:40:35 [INFO] Upload done: /downloads/coolmark0506.zip -> e5:/codespace/rclonedown
07/21 21:40:43 [INFO] Upload done: /downloads/wechat220506.zip -> e5:/codespace/rclonedown
07/21 21:41:53 [INFO] Upload done: /downloads/screen220506.zip -> e5:/codespace/rclonedown
07/21 21:43:06 [INFO] Upload done: /downloads/lllll.zip -> e5:/codespace/rclonedown
07/21 21:48:26 [INFO] Upload done: /downloads/camera220506.zip -> e5:/codespace/rclonedown
08/02 15:04:47 [INFO] Upload done: /downloads/index.html -> e5:/codespace/rclonedown
08/11 12:32:31 [INFO] Upload done: /downloads/[高清电影天堂www.bddytt.com]宿敌.Jana.Gana.Mana.2022.HD1080P.中字.mp4 -> e5:/codespace/rclonedown
08/11 12:32:37 [INFO] Upload done: /downloads/[高清电影天堂www.bddytt.com]唯爱永存.You.Can.Live.Forever.2022.HD1080P.中英字幕.亿万同人字幕组.mp4 -> e5:/codespace/rclonedown
08/11 16:24:23 [INFO] Upload done: /downloads/万圣节的新娘机翻字幕版.srt -> e5:/codespace/rclonedown
08/11 16:30:35 [INFO] Upload done: /downloads/Wolfwalkers2020Cartoon.mp4 -> e5:/codespace/rclonedown
08/11 16:53:59 [INFO] Upload done: /downloads/（抢先版）M25名侦探柯南：万圣节的新娘.mp4 -> e5:/codespace/rclonedown
09/06 09:47:58 [ERROR] Upload failed: /downloads/Rick.and.Morty.S06E01.1080p.WEBRip.x264-BAE[eztv.re]_压制版.mp4
10/09 13:01:45 [ERROR] Upload failed: /downloads/Brotato.Early.Access.torrent
10/09 13:16:02 [ERROR] Upload failed: /downloads/Brotato.Early.Access
10/10 11:52:18 [ERROR] Upload failed: /downloads/Backpack.Hero.Early.Access.v25.1.Steam.torrent
10/10 12:16:27 [ERROR] Upload failed: /downloads/Backpack.Hero.Early.Access.v25.1.Steam.1.rar
10/11 12:02:20 [ERROR] Upload failed: /downloads/Backpack.Hero.Early.Access.v25.1.Steam.torrent
10/11 20:52:40 [ERROR] Upload failed: /downloads/Backpack.Hero.Early.Access.v25.1.Steam.torrent
10/12 11:07:19 [ERROR] Upload failed: /downloads/Backpack.Hero.Early.Access.v25.1.Steam.torrent
10/13 22:14:09 [ERROR] Upload failed: /downloads/Backpack.Hero.Early.Access.v25.1.Steam.torrent
